Processing settings: 1/83
100_2_7_1000
   00:36:13
Processing settings: 2/83
101_3_8_1000
   00:53:56
Processing settings: 3/83
102_4_9_1000
   01:18:19
Processing settings: 4/83
103_1_7_1000
   00:36:26
Processing settings: 5/83
104_2_8_1000
   00:54:15
Processing settings: 6/83
105_3_9_1000
   01:19:36
Processing settings: 7/83
106_1_8_1000
   00:54:31
Processing settings: 8/83
107_2_9_1000
   01:20:05
Processing settings: 9/83
108_1_9_1000
   01:20:18
Processing settings: 10/83
12_4_6_0
   10:09:55
Processing settings: 11/83
13_5_7_0
Processing settings: 1/41
37_1_2_200
   00:15:48
Processing settings: 2/41
38_2_3_200
   00:15:54
Processing settings: 3/41
39_3_4_200
   00:16:14
Processing settings: 4/41
40_4_5_200
   00:17:35
Processing settings: 5/41
41_5_6_200
   00:20:32
Processing settings: 6/41
42_6_7_200
   00:25:36
Processing settings: 7/41
43_7_8_200
   00:32:27
Processing settings: 8/41
44_8_9_200
   00:40:01
Processing settings: 9/41
45_1_3_200
   00:15:58
Processing settings: 10/41
46_2_4_200
   00:16:31
Processing settings: 11/41
47_3_5_200
   00:18:20
Processing settings: 12/41
48_4_6_200
   00:22:52
Processing settings: 13/41
49_5_7_200
   00:31:11
Processing settings: 14/41
50_6_8_200
   00:43:22
Processing settings: 15/41
51_7_9_200
   00:57:34
Processing settings: 16/41
52_1_4_200
   00:16:45
Processing settings: 17/41
53_2_5_200
   00:18:45
Processing settings: 18/41
54_3_6_200
   00:23:48
Processing settings: 19/41
55_4_7_200
   00:34:05
Processing settings: 20/41
56_5_8_200
   00:49:44
Processing settings: 21/41
57_6_9_200
   01:08:35
Processing settings: 22/41
58_1_5_200
   00:18:53
Processing settings: 23/41
59_2_6_200
   00:24:15
Processing settings: 24/41
60_3_7_200
   00:35:08
Processing settings: 25/41
61_4_8_200
   00:52:14
Processing settings: 26/41
62_5_9_200
   01:15:01
Processing settings: 27/41
63_1_6_200
   00:24:31
Processing settings: 28/41
64_2_7_200
   00:35:23
Processing settings: 29/41
65_3_8_200
   00:52:39
Processing settings: 30/41
66_4_9_200
   01:17:31
Processing settings: 31/41
67_1_7_200
   00:35:33
Processing settings: 32/41
68_2_8_200
   00:53:34
Processing settings: 33/41
69_3_9_200
   01:19:37
Processing settings: 34/41
70_1_8_200
   00:53:43
Processing settings: 35/41
71_2_9_200
   01:20:03
Processing settings: 36/41
72_1_9_200
   01:19:57
Processing settings: 37/41
73_1_2_1000
   00:15:44
Processing settings: 38/41
96_3_7_1000
   00:35:53
Processing settings: 39/41
97_4_8_1000
   00:52:49
Processing settings: 40/41
98_5_9_1000
   01:15:19
Processing settings: 41/41
99_1_6_1000
   00:25:16
Processing settings: 1/1
2_2_3_0
   00:20:05
Processing settings: 1/1
24_3_7_0
Processing settings: 1/30
10_1_5_words_200
   00:45:53
Processing settings: 2/30
11_1_2_words_1000
   00:18:16
Processing settings: 3/30
1_1_2_words_200
   00:17:22
Processing settings: 4/30
12_2_3_words_1000
   00:23:51
Processing settings: 5/30
13_3_4_words_1000
   00:26:44
Processing settings: 6/30
14_4_5_words_1000
   00:28:40
Processing settings: 7/30
15_1_3_words_1000
   00:25:03
Processing settings: 8/30
16_2_4_words_1000
   00:34:23
Processing settings: 9/30
17_3_5_words_1000
   00:40:46
Processing settings: 10/30
18_1_4_words_1000
   00:35:15
Processing settings: 11/30
19_2_5_words_1000
   00:45:14
Processing settings: 12/30
20_1_5_words_1000
   00:47:32
Processing settings: 13/30
21_1_2_words_0
Processing settings: 1/19
18_3_6_0
   09:31:25
Processing settings: 2/19
19_4_7_0
Processing settings: 1/17
22_2_3_words_0
Processing settings: 1/8
2_2_3_words_200
Processing settings: 1/7
3_3_4_words_200
   00:25:07
Processing settings: 2/7
4_4_5_words_200
Processing settings: 1/8
2_2_3_words_200
Processing settings: 1/8
2_2_3_words_200
   00:19:37
Processing settings: 2/8
3_3_4_words_200
   00:24:24
Processing settings: 3/8
4_4_5_words_200
   00:26:47
Processing settings: 4/8
5_1_3_words_200
   00:20:24
Processing settings: 5/8
6_2_4_words_200
   00:30:39
Processing settings: 6/8
7_3_5_words_200
   00:40:52
Processing settings: 7/8
8_1_4_words_200
   00:35:59
Processing settings: 8/8
9_2_5_words_200
   00:44:18
Processing settings: 1/10
10_1_5_words_0
Processing settings: 1/10
1_2_words_0
Processing settings: 1/10
1_2_words_0
Processing settings: 1/6
10_1_5_0
   00:14:49
Processing settings: 2/6
3_3_4_0
   00:00:37
Processing settings: 3/6
4_4_5_0
   00:00:16
Processing settings: 4/6
5_1_3_0
   00:00:32
Processing settings: 5/6
8_1_4_0
   00:00:15
Processing settings: 6/6
9_2_5_0
   00:00:20
Processing settings: 1/24
10_2_3_1000
   00:23:34
Processing settings: 2/24
1_1_2_200
   00:17:53
Processing settings: 3/24
11_3_4_1000
   00:12:51
Processing settings: 4/24
12_1_3_1000
Processing settings: 1/21
12_1_3_1000
   00:25:14
Processing settings: 2/21
13_2_4_1000
   00:31:09
Processing settings: 3/21
14_3_5_1000
   00:37:17
Processing settings: 4/21
15_1_4_1000
   00:32:30
Processing settings: 5/21
16_2_5_1000
   00:43:38
Processing settings: 6/21
17_1_2_0
   02:23:50
Processing settings: 7/21
18_2_3_0
Processing settings: 1/8
2_2_3_200
   00:19:45
Processing settings: 2/8
3_3_4_200
   00:24:40
Processing settings: 3/8
4_1_3_200
   00:21:58
Processing settings: 4/8
5_2_4_200
   00:31:08
Processing settings: 5/8
6_3_5_200
   00:38:01
Processing settings: 6/8
7_1_4_200
   00:33:00
Processing settings: 7/8
8_2_5_200
   00:42:52
Processing settings: 8/8
9_1_2_1000
   00:16:45
Processing settings: 1/6
19_3_4_0
Processing settings: 1/2
23_1_4_0
